WARNING:root:Running time: 1.306999921798706 Seconds
WARNING:root:Running time: 1.2019999027252197 Seconds
WARNING:root:Running time: 1.3052000999450684 Seconds
WARNING:root:Running time: 1.3182001113891602 Seconds
WARNING:root:Running time: 1.27239990234375 Seconds
WARNING:root:Running time: 1.2160000801086426 Seconds
WARNING:root:Running time: 0.9659998416900635 Seconds
WARNING:root:Running time: 1.2400000095367432 Seconds
WARNING:root:Running time: 1.2747998237609863 Seconds
WARNING:root:Running time: 0.9057998657226562 Seconds
WARNING:root:Running time: 1.2132000923156738 Seconds
WARNING:root:Running time: 1.2382001876831055 Seconds
WARNING:root:Running time: 1.274200201034546 Seconds
WARNING:root:Running time: 1.301999807357788 Seconds
WARNING:root:Running time: 1.2709996700286865 Seconds
WARNING:root:Running time: 0.9606001377105713 Seconds
WARNING:root:Running time: 1.1489999294281006 Seconds
WARNING:root:Running time: 1.2476000785827637 Seconds
WARNING:root:Running time: 1.1823999881744385 Seconds
WARNING:root:Running time: 1.2095999717712402 Seconds
WARNING:root:Running time: 1.3305997848510742 Seconds
WARNING:root:Running time: 1.2260000705718994 Seconds
WARNING:root:Running time: 1.2731997966766357 Seconds
WARNING:root:Running time: 0.8803997039794922 Seconds
WARNING:root:Running time: 1.232600212097168 Seconds
WARNING:root:Running time: 1.261199951171875 Seconds
WARNING:root:Running time: 1.2020001411437988 Seconds
WARNING:root:Running time: 1.2432000637054443 Seconds
WARNING:root:Running time: 1.0046000480651855 Seconds
WARNING:root:Running time: 0.9401998519897461 Seconds
WARNING:root:Running time: 0.9585998058319092 Seconds
WARNING:root:Running time: 1.1543998718261719 Seconds
WARNING:root:Running time: 0.9991998672485352 Seconds
WARNING:root:Running time: 1.2951998710632324 Seconds
WARNING:root:Running time: 0.9760000705718994 Seconds
WARNING:root:Running time: 1.135000228881836 Seconds
WARNING:root:Running time: 0.9772000312805176 Seconds
WARNING:root:Running time: 1.690999984741211 Seconds
WARNING:root:Running time: 1.393200159072876 Seconds
WARNING:root:Running time: 1.6329998970031738 Seconds
WARNING:root:Running time: 1.4087998867034912 Seconds
WARNING:root:Running time: 1.3177998065948486 Seconds
WARNING:root:Running time: 1.5834002494812012 Seconds
WARNING:root:Running time: 1.290799856185913 Seconds
WARNING:root:Running time: 1.4120001792907715 Seconds
WARNING:root:Running time: 1.2099997997283936 Seconds
WARNING:root:Running time: 1.2912001609802246 Seconds
WARNING:root:Running time: 1.303999900817871 Seconds
WARNING:root:Running time: 1.241999864578247 Seconds
WARNING:root:Running time: 1.214599847793579 Seconds
WARNING:root:Running time: 1.2655999660491943 Seconds
WARNING:root:Running time: 1.3630001544952393 Seconds
WARNING:root:Running time: 1.2851998805999756 Seconds
WARNING:root:Running time: 1.2074003219604492 Seconds
WARNING:root:Running time: 1.3935999870300293 Seconds
WARNING:root:Running time: 1.2567999362945557 Seconds
WARNING:root:Running time: 0.9134001731872559 Seconds
WARNING:root:Running time: 1.2400000095367432 Seconds
WARNING:root:Running time: 1.1155998706817627 Seconds
WARNING:root:Running time: 1.2128000259399414 Seconds
WARNING:root:Running time: 1.2352001667022705 Seconds
WARNING:root:Running time: 1.1685998439788818 Seconds
WARNING:root:Running time: 1.1967999935150146 Seconds
WARNING:root:Running time: 0.9518001079559326 Seconds
WARNING:root:Running time: 0.9259998798370361 Seconds
WARNING:root:Running time: 1.1420001983642578 Seconds
WARNING:root:Running time: 0.9326000213623047 Seconds
WARNING:root:Running time: 1.2206001281738281 Seconds
WARNING:root:Running time: 1.325199842453003 Seconds
WARNING:root:Running time: 1.3276002407073975 Seconds
WARNING:root:Running time: 0.9154002666473389 Seconds
WARNING:root:Running time: 1.2318000793457031 Seconds
WARNING:root:Running time: 1.1603999137878418 Seconds
WARNING:root:Running time: 0.9427998065948486 Seconds
WARNING:root:Running time: 0.9761998653411865 Seconds
WARNING:root:Running time: 0.9132001399993896 Seconds
WARNING:root:Running time: 0.9210002422332764 Seconds
WARNING:root:Running time: 1.0167999267578125 Seconds
WARNING:root:Running time: 0.9486000537872314 Seconds
WARNING:root:Running time: 0.8854000568389893 Seconds
WARNING:root:Running time: 0.931999921798706 Seconds
WARNING:root:Running time: 0.9391999244689941 Seconds
WARNING:root:Running time: 1.3109996318817139 Seconds
WARNING:root:Running time: 0.855600118637085 Seconds
WARNING:root:Running time: 1.213399887084961 Seconds
WARNING:root:Running time: 1.2311999797821045 Seconds
WARNING:root:Running time: 2.019400119781494 Seconds
WARNING:root:Running time: 1.315999984741211 Seconds
WARNING:root:Running time: 1.2897999286651611 Seconds
WARNING:root:Running time: 1.3869998455047607 Seconds
WARNING:root:Running time: 1.2881999015808105 Seconds
WARNING:root:Running time: 1.371999979019165 Seconds
WARNING:root:Running time: 1.3168001174926758 Seconds
WARNING:root:Running time: 1.3616001605987549 Seconds
WARNING:root:Running time: 1.2346000671386719 Seconds
WARNING:root:Running time: 1.26419997215271 Seconds
WARNING:root:Running time: 1.260200023651123 Seconds
WARNING:root:Running time: 1.3032000064849854 Seconds
WARNING:root:Running time: 1.2911999225616455 Seconds
WARNING:root:Running time: 1.171800136566162 Seconds
WARNING:root:Running time: 1.2558000087738037 Seconds
WARNING:root:Running time: 1.311000108718872 Seconds
WARNING:root:Running time: 1.2938001155853271 Seconds
WARNING:root:Running time: 1.1703999042510986 Seconds
WARNING:root:Running time: 1.263199806213379 Seconds
WARNING:root:Running time: 1.155400037765503 Seconds
WARNING:root:Running time: 1.3361999988555908 Seconds
WARNING:root:Running time: 1.2748000621795654 Seconds
WARNING:root:Running time: 1.0693998336791992 Seconds
WARNING:root:Running time: 1.3228001594543457 Seconds
WARNING:root:Running time: 1.2999999523162842 Seconds
WARNING:root:Running time: 1.23360013961792 Seconds
WARNING:root:Running time: 1.2698004245758057 Seconds
WARNING:root:Running time: 1.3970003128051758 Seconds
WARNING:root:Running time: 0.9025998115539551 Seconds
WARNING:root:Running time: 0.9003996849060059 Seconds
WARNING:root:Running time: 0.937000036239624 Seconds
WARNING:root:Running time: 1.3561997413635254 Seconds
WARNING:root:Running time: 1.0046000480651855 Seconds
WARNING:root:Running time: 1.2280001640319824 Seconds
WARNING:root:Running time: 1.2193999290466309 Seconds
WARNING:root:Running time: 0.9220001697540283 Seconds
WARNING:root:Running time: 0.9684000015258789 Seconds
WARNING:root:Running time: 0.9616000652313232 Seconds
WARNING:root:Running time: 1.2749998569488525 Seconds
WARNING:root:Running time: 1.42579984664917 Seconds
WARNING:root:Running time: 1.637200117111206 Seconds
WARNING:root:Running time: 1.2781999111175537 Seconds
WARNING:root:Running time: 1.2314000129699707 Seconds
WARNING:root:Running time: 1.3055999279022217 Seconds
WARNING:root:Running time: 1.3519999980926514 Seconds
WARNING:root:Running time: 1.4286000728607178 Seconds
WARNING:root:Running time: 1.302799940109253 Seconds
WARNING:root:Running time: 1.2852001190185547 Seconds
WARNING:root:Running time: 1.2366001605987549 Seconds
WARNING:root:Running time: 1.254000186920166 Seconds
WARNING:root:Running time: 1.289599895477295 Seconds
WARNING:root:Running time: 1.3889999389648438 Seconds
WARNING:root:Running time: 1.5960001945495605 Seconds
WARNING:root:Running time: 1.255000114440918 Seconds
WARNING:root:Running time: 1.3013997077941895 Seconds
WARNING:root:Running time: 1.4656000137329102 Seconds
WARNING:root:Running time: 1.172799825668335 Seconds
WARNING:root:Running time: 1.3308002948760986 Seconds
WARNING:root:Running time: 1.4119999408721924 Seconds
WARNING:root:Running time: 0.9853999614715576 Seconds
WARNING:root:Running time: 1.2335999011993408 Seconds
WARNING:root:Running time: 1.2594001293182373 Seconds
WARNING:root:Running time: 1.2666001319885254 Seconds
WARNING:root:Running time: 0.9209997653961182 Seconds
WARNING:root:Running time: 1.3185999393463135 Seconds
WARNING:root:Running time: 1.219599962234497 Seconds
WARNING:root:Running time: 1.2527999877929688 Seconds
WARNING:root:Running time: 1.246999979019165 Seconds
WARNING:root:Running time: 1.1875996589660645 Seconds
WARNING:root:Running time: 1.2210001945495605 Seconds
WARNING:root:Running time: 1.1726000308990479 Seconds
WARNING:root:Running time: 1.1374001502990723 Seconds
WARNING:root:Running time: 1.3914000988006592 Seconds
WARNING:root:Running time: 1.3022000789642334 Seconds
WARNING:root:Running time: 1.2250001430511475 Seconds
WARNING:root:Running time: 1.2170000076293945 Seconds
WARNING:root:Running time: 1.1898002624511719 Seconds
WARNING:root:Running time: 1.2918000221252441 Seconds
WARNING:root:Running time: 0.9883999824523926 Seconds
WARNING:root:Running time: 1.2325999736785889 Seconds
WARNING:root:Running time: 1.4667999744415283 Seconds
WARNING:root:Running time: 1.6380000114440918 Seconds
WARNING:root:Running time: 1.3682000637054443 Seconds
WARNING:root:Running time: 1.3349997997283936 Seconds
WARNING:root:Running time: 1.36899995803833 Seconds
WARNING:root:Running time: 1.290799856185913 Seconds
WARNING:root:Running time: 1.3702001571655273 Seconds
WARNING:root:Running time: 1.3682000637054443 Seconds
WARNING:root:Running time: 1.2599999904632568 Seconds
WARNING:root:Running time: 1.331399917602539 Seconds
WARNING:root:Running time: 1.270400047302246 Seconds
WARNING:root:Running time: 1.273400068283081 Seconds
WARNING:root:Running time: 1.2565999031066895 Seconds
WARNING:root:Running time: 0.9149999618530273 Seconds
WARNING:root:Running time: 1.257200002670288 Seconds
WARNING:root:Running time: 0.9730000495910645 Seconds
WARNING:root:Running time: 1.246999979019165 Seconds
WARNING:root:Running time: 1.3725998401641846 Seconds
WARNING:root:Running time: 1.2435998916625977 Seconds
WARNING:root:Running time: 1.2690000534057617 Seconds
WARNING:root:Running time: 1.9951999187469482 Seconds
WARNING:root:Running time: 1.3824000358581543 Seconds
WARNING:root:Running time: 1.3186001777648926 Seconds
WARNING:root:Running time: 1.423799991607666 Seconds
WARNING:root:Running time: 1.3768000602722168 Seconds
WARNING:root:Running time: 1.4110000133514404 Seconds
WARNING:root:Running time: 1.3006000518798828 Seconds
WARNING:root:Running time: 1.2630000114440918 Seconds
WARNING:root:Running time: 1.2680001258850098 Seconds
WARNING:root:Running time: 1.3184001445770264 Seconds
WARNING:root:Running time: 1.2839999198913574 Seconds
WARNING:root:Running time: 1.2569999694824219 Seconds
WARNING:root:Running time: 1.229599952697754 Seconds
WARNING:root:Running time: 1.2727999687194824 Seconds
WARNING:root:Running time: 1.0350000858306885 Seconds
WARNING:root:Running time: 1.2721998691558838 Seconds
WARNING:root:Running time: 1.378999948501587 Seconds
WARNING:root:Running time: 1.3722000122070312 Seconds
WARNING:root:Running time: 1.1964001655578613 Seconds
WARNING:root:Running time: 1.4000000953674316 Seconds
WARNING:root:Running time: 1.6024000644683838 Seconds
WARNING:root:Running time: 1.2950000762939453 Seconds
WARNING:root:Running time: 1.3104000091552734 Seconds
WARNING:root:Running time: 0.9029998779296875 Seconds
WARNING:root:Running time: 1.2320001125335693 Seconds
WARNING:root:Running time: 1.2940001487731934 Seconds
WARNING:root:Running time: 1.2230000495910645 Seconds
WARNING:root:Running time: 1.2505998611450195 Seconds
WARNING:root:Running time: 0.8794000148773193 Seconds
WARNING:root:Running time: 1.100599765777588 Seconds
WARNING:root:Running time: 1.430800199508667 Seconds
WARNING:root:Running time: 1.2272000312805176 Seconds
WARNING:root:Running time: 1.189199686050415 Seconds
WARNING:root:Running time: 1.4464001655578613 Seconds
WARNING:root:Running time: 1.2056000232696533 Seconds
WARNING:root:Running time: 1.3225998878479004 Seconds
WARNING:root:Running time: 0.9381999969482422 Seconds
WARNING:root:Running time: 0.9121999740600586 Seconds
WARNING:root:Running time: 1.2096002101898193 Seconds
WARNING:root:Running time: 1.3104000091552734 Seconds
INFO:selenium.webdriver.remote.remote_connection:Could not connect to port 4723 on host localhost
INFO:selenium.webdriver.remote.remote_connection:Could not get IP address for host: localhost
WARNING:urllib3.connectionpool:Retrying (Retry(total=2, connect=None, read=None, redirect=None, status=None)) after connection broken by 'NewConnectionError('<urllib3.connection.HTTPConnection object at 0x0000000003247B00>: Failed to establish a new connection: [WinError 10061] 由于目标计算机积极拒绝，无法连接。')': /wd/hub/session
WARNING:urllib3.connectionpool:Retrying (Retry(total=1, connect=None, read=None, redirect=None, status=None)) after connection broken by 'NewConnectionError('<urllib3.connection.HTTPConnection object at 0x0000000003247BE0>: Failed to establish a new connection: [WinError 10061] 由于目标计算机积极拒绝，无法连接。')': /wd/hub/session
WARNING:urllib3.connectionpool:Retrying (Retry(total=0, connect=None, read=None, redirect=None, status=None)) after connection broken by 'NewConnectionError('<urllib3.connection.HTTPConnection object at 0x0000000003247BA8>: Failed to establish a new connection: [WinError 10061] 由于目标计算机积极拒绝，无法连接。')': /wd/hub/session
INFO:selenium.webdriver.remote.remote_connection:Could not connect to port 4723 on host localhost
INFO:selenium.webdriver.remote.remote_connection:Could not get IP address for host: localhost
WARNING:urllib3.connectionpool:Retrying (Retry(total=2, connect=None, read=None, redirect=None, status=None)) after connection broken by 'NewConnectionError('<urllib3.connection.HTTPConnection object at 0x00000000031B2B70>: Failed to establish a new connection: [WinError 10061] 由于目标计算机积极拒绝，无法连接。')': /wd/hub/session
WARNING:urllib3.connectionpool:Retrying (Retry(total=1, connect=None, read=None, redirect=None, status=None)) after connection broken by 'NewConnectionError('<urllib3.connection.HTTPConnection object at 0x00000000031B2C50>: Failed to establish a new connection: [WinError 10061] 由于目标计算机积极拒绝，无法连接。')': /wd/hub/session
WARNING:urllib3.connectionpool:Retrying (Retry(total=0, connect=None, read=None, redirect=None, status=None)) after connection broken by 'NewConnectionError('<urllib3.connection.HTTPConnection object at 0x00000000031B2C18>: Failed to establish a new connection: [WinError 10061] 由于目标计算机积极拒绝，无法连接。')': /wd/hub/session
INFO:selenium.webdriver.remote.remote_connection:Could not connect to port 4723 on host localhost
INFO:selenium.webdriver.remote.remote_connection:Could not get IP address for host: localhost
WARNING:urllib3.connectionpool:Retrying (Retry(total=2, connect=None, read=None, redirect=None, status=None)) after connection broken by 'NewConnectionError('<urllib3.connection.HTTPConnection object at 0x00000000031B2D68>: Failed to establish a new connection: [WinError 10061] 由于目标计算机积极拒绝，无法连接。')': /wd/hub/session
WARNING:urllib3.connectionpool:Retrying (Retry(total=1, connect=None, read=None, redirect=None, status=None)) after connection broken by 'NewConnectionError('<urllib3.connection.HTTPConnection object at 0x00000000031B2E10>: Failed to establish a new connection: [WinError 10061] 由于目标计算机积极拒绝，无法连接。')': /wd/hub/session
WARNING:urllib3.connectionpool:Retrying (Retry(total=0, connect=None, read=None, redirect=None, status=None)) after connection broken by 'NewConnectionError('<urllib3.connection.HTTPConnection object at 0x00000000031B2E80>: Failed to establish a new connection: [WinError 10061] 由于目标计算机积极拒绝，无法连接。')': /wd/hub/session
